This is pdfTeX, Version 3.1415926-2.4-1.40.13 (TeX Live 2012/W32TeX) (format=pdflatex 2012.11.23)  28 FEB 2013 23:00
entering extended mode
 restricted \write18 enabled.
 %&-line parsing enabled.
**"C:/Users/David Schaffner/Git/thcomp_pop/thcomp_pop_rev1.tex"
(c:/Users/David Schaffner/Git/thcomp_pop/thcomp_pop_rev1.tex
LaTeX2e <2011/06/27>
Babel <v3.8m> and hyphenation patterns for english, dumylang, nohyphenation, ge
rman-x-2012-05-30, ngerman-x-2012-05-30, afrikaans, ancientgreek, ibycus, arabi
c, armenian, basque, bulgarian, catalan, pinyin, coptic, croatian, czech, danis
h, dutch, ukenglish, usenglishmax, esperanto, estonian, ethiopic, farsi, finnis
h, french, friulan, galician, german, ngerman, swissgerman, monogreek, greek, h
ungarian, icelandic, assamese, bengali, gujarati, hindi, kannada, malayalam, ma
rathi, oriya, panjabi, tamil, telugu, indonesian, interlingua, irish, italian, 
kurmanji, latin, latvian, lithuanian, mongolian, mongolianlmc, bokmal, nynorsk,
 polish, portuguese, romanian, romansh, russian, sanskrit, serbian, serbianc, s
lovak, slovenian, spanish, swedish, turkish, turkmen, ukrainian, uppersorbian, 
welsh, loaded.
(c:/texlive/2012/texmf-dist/tex/latex/revtex/revtex4-1.cls
Document Class: revtex4-1 2010/07/25/20:33:00 4.1r (http://publish.aps.org/revt
ex4/ for documentation)
 Copyright (c) 2009 The American Physical Society.
 mailto:revtex@aps.org
 Licensed under the LPPL:
http://www.ctan.org/tex-archive/macros/latex/base/lppl.txt
 Arthur Ogawa <arthur_ogawa at sbcglobal dot net>
 Based on work by David Carlisle <david at dcarlisle.demon.co.uk>.
ltxutil[2010/07/25/20:33:00 4.1r utilities package (portions licensed from W. E
. Baxter web at superscript.com)]
LaTeX Info: Redefining \@centercr on input line 308.
Class revtex4-1 Info: Repairing broken LaTeX eqnarray on input line 358.
\eqncolsep=\skip41
Class revtex4-1 Info: Repairing hyperref-unfriendly LaTeX definition of \mpfoot
note on input line 433.
Class revtex4-1 Info: Repairing broken LateX \@sect on input line 755.
\intertabularlinepenalty=\count79
\@tbpen=\count80
\@arstrutbox@hline=\box26
Class revtex4-1 Info: Repairing broken LaTeX \@xbitor on input line 1786.
Class revtex4-1 Info: Making \typeout \long on input line 2046.
ltxfront[2010/07/25/20:33:00 4.1r frontmatter package (AO,DPC)]
\c@affil=\count81
\c@collab=\count82
\absbox=\box27
ltxgrid[2010/07/25/20:33:00 4.1r page grid package (portions licensed from W. E
. Baxter web at superscript.com)]
\c@linecount=\count83
\output@latex=\toks14
\box@size@1=\box28
\box@size@2=\box29
\@protection@box=\box30
\@topmark@saved=\toks15
\footins@saved=\box31
\footins@recovered=\box32
\column@recovered=\box33
\pagesofar=\box34
\footsofar=\box35
\pagegrid@col=\count84
Class revtex4-1 Info: Overriding \@vspace, \@vspacer, \@no@pgbk, \@newline, and
 \\  on input line 5578.
\c@part=\count85
\c@section=\count86
\c@subsection=\count87
\c@subsubsection=\count88
\c@paragraph=\count89
\c@subparagraph=\count90
\abovecaptionskip=\skip42
\belowcaptionskip=\skip43
\c@figure=\count91
\fbox@1=\box36
\c@table=\count92
\fbox@2=\box37
\c@video=\count93
\fbox@4=\box38
\@bibdataout=\write3
\widetext@top=\box39
\widetext@bot=\box40
Class revtex4-1 Info: Selecting society aip on input line 7542.
(c:/texlive/2012/texmf-dist/tex/latex/revtex/aip4-1.rtx
File: aip4-1.rtx 2010/07/25 4.1r AIP substyle for REVTeX
Class revtex4-1 Info: RevTeX society AIP selected on input line 67.
)
Class revtex4-1 Info: Selecting journal pop on input line 7544.

Using journal substyle pop.
Class revtex4-1 Info: Reading file aps12pt4-1.rtx on input line 7547.
(c:/texlive/2012/texmf-dist/tex/latex/revtex/aps12pt4-1.rtx
File: aps12pt4-1 2010/07/25/20:33:00 4.1r (http://publish.aps.org/revtex4/ for 
documentation)
Class revtex4-1 Info: RevTeX pointsize 12pt selected on input line 30.
)
Class revtex4-1 Info: Overriding 12pt on input line 7547.

(c:/texlive/2012/texmf-dist/tex/latex/textcase/textcase.sty
Package: textcase 2004/10/07 v0.07 Text only upper/lower case changing (DPC)
)
(c:/texlive/2012/texmf-dist/tex/latex/amsfonts/amssymb.sty
Package: amssymb 2009/06/22 v3.00

(c:/texlive/2012/texmf-dist/tex/latex/amsfonts/amsfonts.sty
Package: amsfonts 2009/06/22 v3.00 Basic AMSFonts support
\@emptytoks=\toks16
\symAMSa=\mathgroup4
\symAMSb=\mathgroup5
LaTeX Font Info:    Overwriting math alphabet `\mathfrak' in version `bold'
(Font)                  U/euf/m/n --> U/euf/b/n on input line 96.
))
(c:/texlive/2012/texmf-dist/tex/latex/amsmath/amsmath.sty
Package: amsmath 2000/07/18 v2.13 AMS math features
\@mathmargin=\skip44

For additional information on amsmath, use the `?' option.
(c:/texlive/2012/texmf-dist/tex/latex/amsmath/amstext.sty
Package: amstext 2000/06/29 v2.01

(c:/texlive/2012/texmf-dist/tex/latex/amsmath/amsgen.sty
File: amsgen.sty 1999/11/30 v2.0
\@emptytoks=\toks17
\ex@=\dimen102
)
LaTeX Info: Redefining \text on input line 53.
)
(c:/texlive/2012/texmf-dist/tex/latex/amsmath/amsbsy.sty
Package: amsbsy 1999/11/29 v1.2d
\pmbraise@=\dimen103
)
(c:/texlive/2012/texmf-dist/tex/latex/amsmath/amsopn.sty
Package: amsopn 1999/12/14 v2.01 operator names
)
\inf@bad=\count94
LaTeX Info: Redefining \frac on input line 211.
\uproot@=\count95
\leftroot@=\count96
LaTeX Info: Redefining \overline on input line 307.
\classnum@=\count97
\DOTSCASE@=\count98
LaTeX Info: Redefining \ldots on input line 379.
LaTeX Info: Redefining \dots on input line 382.
LaTeX Info: Redefining \cdots on input line 467.
\Mathstrutbox@=\box41
\strutbox@=\box42
\big@size=\dimen104
LaTeX Font Info:    Redeclaring font encoding OML on input line 567.
LaTeX Font Info:    Redeclaring font encoding OMS on input line 568.
\macc@depth=\count99
\c@MaxMatrixCols=\count100
\dotsspace@=\muskip10
\c@parentequation=\count101
\dspbrk@lvl=\count102
\tag@help=\toks18
\row@=\count103
\column@=\count104
\maxfields@=\count105
\andhelp@=\toks19
\eqnshift@=\dimen105
\alignsep@=\dimen106
\tagshift@=\dimen107
\tagwidth@=\dimen108
\totwidth@=\dimen109
\lineht@=\dimen110
\@envbody=\toks20
\multlinegap=\skip45
\multlinetaggap=\skip46
\mathdisplay@stack=\toks21
LaTeX Info: Redefining \[ on input line 2666.
LaTeX Info: Redefining \] on input line 2667.
)
(c:/texlive/2012/texmf-dist/tex/latex/url/url.sty
\Urlmuskip=\muskip11
Package: url 2006/04/12  ver 3.3  Verb mode for urls, etc.
)
(c:/texlive/2012/texmf-dist/tex/latex/natbib/natbib.sty
Package: natbib 2010/09/13 8.31b (PWD, AO)
\bibhang=\skip47
\bibsep=\skip48
LaTeX Info: Redefining \cite on input line 694.
\c@NAT@ctr=\count106
)
Class revtex4-1 Info: Repairing natbib's \BibitemShut on input line 7549.

(c:/texlive/2012/texmf-dist/tex/latex/revtex/revsymb4-1.sty
Package: revsymb4-1 2010/07/25/20:33:00 4.1r (http://publish.aps.org/revtex4/ f
or documentation)
LaTeX Info: Redefining \frak on input line 95.
LaTeX Info: Redefining \Bbb on input line 111.
LaTeX Info: Redefining \REV@mathfrak on input line 119.
))
(c:/texlive/2012/texmf-dist/tex/latex/graphics/graphicx.sty
Package: graphicx 1999/02/16 v1.0f Enhanced LaTeX Graphics (DPC,SPQR)

(c:/texlive/2012/texmf-dist/tex/latex/graphics/keyval.sty
Package: keyval 1999/03/16 v1.13 key=value parser (DPC)
\KV@toks@=\toks22
)
(c:/texlive/2012/texmf-dist/tex/latex/graphics/graphics.sty
Package: graphics 2009/02/05 v1.0o Standard LaTeX Graphics (DPC,SPQR)

(c:/texlive/2012/texmf-dist/tex/latex/graphics/trig.sty
Package: trig 1999/03/16 v1.09 sin cos tan (DPC)
)
(c:/texlive/2012/texmf-dist/tex/latex/latexconfig/graphics.cfg
File: graphics.cfg 2010/04/23 v1.9 graphics configuration of TeX Live
)
Package graphics Info: Driver file: pdftex.def on input line 91.

(c:/texlive/2012/texmf-dist/tex/latex/pdftex-def/pdftex.def
File: pdftex.def 2011/05/27 v0.06d Graphics/color for pdfTeX

(c:/texlive/2012/texmf-dist/tex/generic/oberdiek/infwarerr.sty
Package: infwarerr 2010/04/08 v1.3 Providing info/warning/error messages (HO)
)
(c:/texlive/2012/texmf-dist/tex/generic/oberdiek/ltxcmds.sty
Package: ltxcmds 2011/11/09 v1.22 LaTeX kernel commands for general use (HO)
)
\Gread@gobject=\count107
))
\Gin@req@height=\dimen111
\Gin@req@width=\dimen112
)
(c:/texlive/2012/texmf-dist/tex/latex/tools/dcolumn.sty
Package: dcolumn 2001/05/28 v1.06 decimal alignment package (DPC)

(c:/texlive/2012/texmf-dist/tex/latex/tools/array.sty
Package: array 2008/09/09 v2.4c Tabular extension package (FMi)
\col@sep=\dimen113
\extrarowheight=\dimen114
\NC@list=\toks23
\extratabsurround=\skip49
\backup@length=\skip50
))
(c:/texlive/2012/texmf-dist/tex/latex/tools/bm.sty
Package: bm 2004/02/26 v1.1c Bold Symbol Support (DPC/FMi)
\symboldoperators=\mathgroup6
\symboldletters=\mathgroup7
\symboldsymbols=\mathgroup8
LaTeX Font Info:    Redeclaring math alphabet \mathbf on input line 138.
LaTeX Info: Redefining \bm on input line 204.
)
Class revtex4-1 Info: Patching array package. on input line 21.
Class revtex4-1 Info: Robustifying \LaTeX's \boldmath command on input line 21.

Class revtex4-1 Info: cite was not loaded (OK!) on input line 21.
Class revtex4-1 Info: mcite was not loaded (OK!) on input line 21.
Class revtex4-1 Info: multicol was not loaded (OK!) on input line 21.
 (./thcomp_pop_rev1.aux)
\openout1 = `thcomp_pop_rev1.aux'.

LaTeX Font Info:    Checking defaults for OML/cmm/m/it on input line 21.
LaTeX Font Info:    ... okay on input line 21.
LaTeX Font Info:    Checking defaults for T1/cmr/m/n on input line 21.
LaTeX Font Info:    ... okay on input line 21.
LaTeX Font Info:    Checking defaults for OT1/cmr/m/n on input line 21.
LaTeX Font Info:    ... okay on input line 21.
LaTeX Font Info:    Checking defaults for OMS/cmsy/m/n on input line 21.
LaTeX Font Info:    ... okay on input line 21.
LaTeX Font Info:    Checking defaults for OMX/cmex/m/n on input line 21.
LaTeX Font Info:    ... okay on input line 21.
LaTeX Font Info:    Checking defaults for U/cmr/m/n on input line 21.
LaTeX Font Info:    ... okay on input line 21.

(c:/texlive/2012/texmf-dist/tex/context/base/supp-pdf.mkii
[Loading MPS to PDF converter (version 2006.09.02).]
\scratchcounter=\count108
\scratchdimen=\dimen115
\scratchbox=\box43
\nofMPsegments=\count109
\nofMParguments=\count110
\everyMPshowfont=\toks24
\MPscratchCnt=\count111
\MPscratchDim=\dimen116
\MPnumerator=\count112
\makeMPintoPDFobject=\count113
\everyMPtoPDFconversion=\toks25
) (c:/texlive/2012/texmf-dist/tex/generic/oberdiek/pdftexcmds.sty
Package: pdftexcmds 2011/11/29 v0.20 Utility functions of pdfTeX for LuaTeX (HO
)

(c:/texlive/2012/texmf-dist/tex/generic/oberdiek/ifluatex.sty
Package: ifluatex 2010/03/01 v1.3 Provides the ifluatex switch (HO)
Package ifluatex Info: LuaTeX not detected.
)
(c:/texlive/2012/texmf-dist/tex/generic/oberdiek/ifpdf.sty
Package: ifpdf 2011/01/30 v2.3 Provides the ifpdf switch (HO)
Package ifpdf Info: pdfTeX in PDF mode is detected.
)
Package pdftexcmds Info: LuaTeX not detected.
Package pdftexcmds Info: \pdf@primitive is available.
Package pdftexcmds Info: \pdf@ifprimitive is available.
Package pdftexcmds Info: \pdfdraftmode found.
)
(c:/texlive/2012/texmf-dist/tex/latex/oberdiek/epstopdf-base.sty
Package: epstopdf-base 2010/02/09 v2.5 Base part for package epstopdf

(c:/texlive/2012/texmf-dist/tex/latex/oberdiek/grfext.sty
Package: grfext 2010/08/19 v1.1 Manage graphics extensions (HO)

(c:/texlive/2012/texmf-dist/tex/generic/oberdiek/kvdefinekeys.sty
Package: kvdefinekeys 2011/04/07 v1.3 Define keys (HO)
))
(c:/texlive/2012/texmf-dist/tex/latex/oberdiek/kvoptions.sty
Package: kvoptions 2011/06/30 v3.11 Key value format for package options (HO)

(c:/texlive/2012/texmf-dist/tex/generic/oberdiek/kvsetkeys.sty
Package: kvsetkeys 2012/04/25 v1.16 Key value parser (HO)

(c:/texlive/2012/texmf-dist/tex/generic/oberdiek/etexcmds.sty
Package: etexcmds 2011/02/16 v1.5 Avoid name clashes with e-TeX commands (HO)
Package etexcmds Info: Could not find \expanded.
(etexcmds)             That can mean that you are not using pdfTeX 1.50 or
(etexcmds)             that some package has redefined \expanded.
(etexcmds)             In the latter case, load this package earlier.
)))
Package grfext Info: Graphics extension search list:
(grfext)             [.png,.pdf,.jpg,.mps,.jpeg,.jbig2,.jb2,.PNG,.PDF,.JPG,.JPE
G,.JBIG2,.JB2,.eps]
(grfext)             \AppendGraphicsExtensions on input line 452.

(c:/texlive/2012/texmf-dist/tex/latex/latexconfig/epstopdf-sys.cfg
File: epstopdf-sys.cfg 2010/07/13 v1.3 Configuration of (r)epstopdf for TeX Liv
e
))
\openout3 = `thcomp_pop_rev1Notes.bib'.

LaTeX Font Info:    Try loading font information for U+msa on input line 45.

(c:/texlive/2012/texmf-dist/tex/latex/amsfonts/umsa.fd
File: umsa.fd 2009/06/22 v3.00 AMS symbols A
)
LaTeX Font Info:    Try loading font information for U+msb on input line 45.

(c:/texlive/2012/texmf-dist/tex/latex/amsfonts/umsb.fd
File: umsb.fd 2009/06/22 v3.00 AMS symbols B
) [1{c:/texlive/2012/texmf-var/fonts/map/pdftex/updmap/pdftex.map}] [2] [3] [4]
 [5]
Package epstopdf Info: Source file: <figure1.eps>
(epstopdf)                    date: 2012-12-14 15:20:50
(epstopdf)                    size: 576924 bytes
(epstopdf)             Output file: <figure1-eps-converted-to.pdf>
(epstopdf)                    date: 2013-02-28 22:16:30
(epstopdf)                    size: 144832 bytes
(epstopdf)             Command: <repstopdf --outfile=figure1-eps-converted-to.p
df figure1.eps>
(epstopdf)             \includegraphics on input line 191.
Package epstopdf Info: Output file is already uptodate.

<figure1-eps-converted-to.pdf, id=32, 716.6775pt x 1073.00874pt>
File: figure1-eps-converted-to.pdf Graphic file (type pdf)

<use figure1-eps-converted-to.pdf>
Package pdftex.def Info: figure1-eps-converted-to.pdf used on input line 191.
(pdftex.def)             Requested size: 241.84842pt x 362.0839pt.
Package epstopdf Info: Source file: <figure2.eps>
(epstopdf)                    date: 2013-02-26 16:02:40
(epstopdf)                    size: 382973 bytes
(epstopdf)             Output file: <figure2-eps-converted-to.pdf>
(epstopdf)                    date: 2013-02-28 22:16:34
(epstopdf)                    size: 106915 bytes
(epstopdf)             Command: <repstopdf --outfile=figure2-eps-converted-to.p
df figure2.eps>
(epstopdf)             \includegraphics on input line 197.
Package epstopdf Info: Output file is already uptodate.

<figure2-eps-converted-to.pdf, id=33, 803.0pt x 903.375pt>
File: figure2-eps-converted-to.pdf Graphic file (type pdf)

<use figure2-eps-converted-to.pdf>
Package pdftex.def Info: figure2-eps-converted-to.pdf used on input line 197.
(pdftex.def)             Requested size: 241.84842pt x 272.07599pt.
Package epstopdf Info: Source file: <figure3.eps>
(epstopdf)                    date: 2013-02-26 23:14:09
(epstopdf)                    size: 162252 bytes
(epstopdf)             Output file: <figure3-eps-converted-to.pdf>
(epstopdf)                    date: 2013-02-28 22:16:36
(epstopdf)                    size: 50825 bytes
(epstopdf)             Command: <repstopdf --outfile=figure3-eps-converted-to.p
df figure3.eps>
(epstopdf)             \includegraphics on input line 203.
Package epstopdf Info: Output file is already uptodate.

<figure3-eps-converted-to.pdf, id=34, 602.25pt x 955.57pt>
File: figure3-eps-converted-to.pdf Graphic file (type pdf)

<use figure3-eps-converted-to.pdf>
Package pdftex.def Info: figure3-eps-converted-to.pdf used on input line 203.
(pdftex.def)             Requested size: 241.84842pt x 383.73764pt.
 [6] [7 <./figure1-eps-converted-to.pdf>]
[8 <./figure2-eps-converted-to.pdf>] [9 <./figure3-eps-converted-to.pdf>]
Package epstopdf Info: Source file: <figure4.eps>
(epstopdf)                    date: 2013-02-28 22:12:23
(epstopdf)                    size: 239001 bytes
(epstopdf)             Output file: <figure4-eps-converted-to.pdf>
(epstopdf)                    date: 2013-02-28 22:16:40
(epstopdf)                    size: 72582 bytes
(epstopdf)             Command: <repstopdf --outfile=figure4-eps-converted-to.p
df figure4.eps>
(epstopdf)             \includegraphics on input line 257.
Package epstopdf Info: Output file is already uptodate.

<figure4-eps-converted-to.pdf, id=55, 602.25pt x 803.0pt>
File: figure4-eps-converted-to.pdf Graphic file (type pdf)

<use figure4-eps-converted-to.pdf>
Package pdftex.def Info: figure4-eps-converted-to.pdf used on input line 257.
(pdftex.def)             Requested size: 241.84842pt x 322.4686pt.
Package epstopdf Info: Source file: <figure5.eps>
(epstopdf)                    date: 2013-02-27 18:58:53
(epstopdf)                    size: 136841 bytes
(epstopdf)             Output file: <figure5-eps-converted-to.pdf>
(epstopdf)                    date: 2013-02-28 22:16:42
(epstopdf)                    size: 42188 bytes
(epstopdf)             Command: <repstopdf --outfile=figure5-eps-converted-to.p
df figure5.eps>
(epstopdf)             \includegraphics on input line 263.
Package epstopdf Info: Output file is already uptodate.

<figure5-eps-converted-to.pdf, id=56, 602.25pt x 803.0pt>
File: figure5-eps-converted-to.pdf Graphic file (type pdf)

<use figure5-eps-converted-to.pdf>
Package pdftex.def Info: figure5-eps-converted-to.pdf used on input line 263.
(pdftex.def)             Requested size: 241.84842pt x 322.4686pt.
Package epstopdf Info: Source file: <figure6.eps>
(epstopdf)                    date: 2013-02-25 22:32:44
(epstopdf)                    size: 2959207 bytes
(epstopdf)             Output file: <figure6-eps-converted-to.pdf>
(epstopdf)                    date: 2013-02-28 22:16:49
(epstopdf)                    size: 851434 bytes
(epstopdf)             Command: <repstopdf --outfile=figure6-eps-converted-to.p
df figure6.eps>
(epstopdf)             \includegraphics on input line 269.
Package epstopdf Info: Output file is already uptodate.

<figure6-eps-converted-to.pdf, id=57, 602.25pt x 752.8125pt>
File: figure6-eps-converted-to.pdf Graphic file (type pdf)

<use figure6-eps-converted-to.pdf>
Package pdftex.def Info: figure6-eps-converted-to.pdf used on input line 269.
(pdftex.def)             Requested size: 241.84842pt x 302.3143pt.
Package epstopdf Info: Source file: <figure7.eps>
(epstopdf)                    date: 2012-12-16 02:06:10
(epstopdf)                    size: 49315 bytes
(epstopdf)             Output file: <figure7-eps-converted-to.pdf>
(epstopdf)                    date: 2013-02-28 22:16:51
(epstopdf)                    size: 15943 bytes
(epstopdf)             Command: <repstopdf --outfile=figure7-eps-converted-to.p
df figure7.eps>
(epstopdf)             \includegraphics on input line 275.
Package epstopdf Info: Output file is already uptodate.

<figure7-eps-converted-to.pdf, id=58, 803.0pt x 602.25pt>
File: figure7-eps-converted-to.pdf Graphic file (type pdf)

<use figure7-eps-converted-to.pdf>
Package pdftex.def Info: figure7-eps-converted-to.pdf used on input line 275.
(pdftex.def)             Requested size: 241.84842pt x 181.38399pt.
Package epstopdf Info: Source file: <figure8.eps>
(epstopdf)                    date: 2013-02-28 21:52:42
(epstopdf)                    size: 278785 bytes
(epstopdf)             Output file: <figure8-eps-converted-to.pdf>
(epstopdf)                    date: 2013-02-28 22:16:54
(epstopdf)                    size: 77617 bytes
(epstopdf)             Command: <repstopdf --outfile=figure8-eps-converted-to.p
df figure8.eps>
(epstopdf)             \includegraphics on input line 282.
Package epstopdf Info: Output file is already uptodate.

<figure8-eps-converted-to.pdf, id=59, 803.0pt x 702.625pt>
File: figure8-eps-converted-to.pdf Graphic file (type pdf)

<use figure8-eps-converted-to.pdf>
Package pdftex.def Info: figure8-eps-converted-to.pdf used on input line 282.
(pdftex.def)             Requested size: 241.84842pt x 211.61465pt.
Package epstopdf Info: Source file: <figure9.eps>
(epstopdf)                    date: 2013-02-27 23:01:39
(epstopdf)                    size: 238386 bytes
(epstopdf)             Output file: <figure9-eps-converted-to.pdf>
(epstopdf)                    date: 2013-02-28 22:16:57
(epstopdf)                    size: 63644 bytes
(epstopdf)             Command: <repstopdf --outfile=figure9-eps-converted-to.p
df figure9.eps>
(epstopdf)             \includegraphics on input line 289.
Package epstopdf Info: Output file is already uptodate.

<figure9-eps-converted-to.pdf, id=60, 778.91pt x 1269.74374pt>
File: figure9-eps-converted-to.pdf Graphic file (type pdf)

<use figure9-eps-converted-to.pdf>
Package pdftex.def Info: figure9-eps-converted-to.pdf used on input line 289.
(pdftex.def)             Requested size: 241.84842pt x 394.23648pt.
 [10] [11 <./figure4-eps-converted-to.pdf>]
[12 <./figure5-eps-converted-to.pdf>] [13 <./figure6-eps-converted-to.pdf>]
[14 <./figure7-eps-converted-to.pdf> <./figure8-eps-converted-to.pdf>] [15 <./f
igure9-eps-converted-to.pdf>] [16] [17] [18] [19] [20] [21] [22]
No file thcomp_pop_rev1.bbl.
[23] (./thcomp_pop_rev1.aux) ) 
Here is how much of TeX's memory you used:
 4673 strings out of 493488
 62211 string characters out of 3144726
 143239 words of memory out of 3000000
 7900 multiletter control sequences out of 15000+200000
 14771 words of font info for 54 fonts, out of 3000000 for 9000
 957 hyphenation exceptions out of 8191
 38i,9n,27p,1928b,338s stack positions out of 5000i,500n,10000p,200000b,50000s
<c:/texlive/2012/texmf-dist/fonts/type1/public/am
sfonts/cm/cmbx12.pfb><c:/texlive/2012/texmf-dist/fonts/type1/public/amsfonts/cm
/cmex10.pfb><c:/texlive/2012/texmf-dist/fonts/type1/public/amsfonts/cm/cmmi10.p
fb><c:/texlive/2012/texmf-dist/fonts/type1/public/amsfonts/cm/cmmi12.pfb><c:/te
xlive/2012/texmf-dist/fonts/type1/public/amsfonts/cm/cmmi6.pfb><c:/texlive/2012
/texmf-dist/fonts/type1/public/amsfonts/cm/cmmi8.pfb><c:/texlive/2012/texmf-dis
t/fonts/type1/public/amsfonts/cm/cmr10.pfb><c:/texlive/2012/texmf-dist/fonts/ty
pe1/public/amsfonts/cm/cmr12.pfb><c:/texlive/2012/texmf-dist/fonts/type1/public
/amsfonts/cm/cmr8.pfb><c:/texlive/2012/texmf-dist/fonts/type1/public/amsfonts/c
m/cmss12.pfb><c:/texlive/2012/texmf-dist/fonts/type1/public/amsfonts/cm/cmss8.p
fb><c:/texlive/2012/texmf-dist/fonts/type1/public/amsfonts/cm/cmssbx10.pfb><c:/
texlive/2012/texmf-dist/fonts/type1/public/amsfonts/cm/cmsy10.pfb><c:/texlive/2
012/texmf-dist/fonts/type1/public/amsfonts/cm/cmsy8.pfb><c:/texlive/2012/texmf-
dist/fonts/type1/public/amsfonts/cm/cmti12.pfb>
Output written on thcomp_pop_rev1.pdf (23 pages, 1641391 bytes).
PDF statistics:
 168 PDF objects out of 1000 (max. 8388607)
 115 compressed objects within 2 object streams
 0 named destinations out of 1000 (max. 500000)
 46 words of extra memory for PDF output out of 10000 (max. 10000000)

